<?xml version="1.0" encoding="UTF-8"?>
<testsuite name="com.bank.accountSystem.AccountSystemApplicationTests" tests="1" skipped="0" failures="0" errors="0" timestamp="2023-10-10T18:25:39" hostname="VIANADEMARES" time="0.241">
  <properties/>
  <testcase name="contextLoads()" classname="com.bank.accountSystem.AccountSystemApplicationTests" time="0.241"/>
  <system-out><![CDATA[13:25:29.572 [Test worker] DEBUG org.springframework.test.context.BootstrapUtils - Instantiating CacheAwareContextLoaderDelegate from class [org.springframework.test.context.cache.DefaultCacheAwareContextLoaderDelegate]
13:25:29.591 [Test worker] DEBUG org.springframework.test.context.BootstrapUtils - Instantiating BootstrapContext using constructor [public org.springframework.test.context.support.DefaultBootstrapContext(java.lang.Class,org.springframework.test.context.CacheAwareContextLoaderDelegate)]
13:25:29.633 [Test worker] DEBUG org.springframework.test.context.BootstrapUtils - Instantiating TestContextBootstrapper for test class [com.bank.accountSystem.AccountSystemApplicationTests] from class [org.springframework.boot.test.context.SpringBootTestContextBootstrapper]
13:25:29.650 [Test worker] INFO org.springframework.boot.test.context.SpringBootTestContextBootstrapper - Neither @ContextConfiguration nor @ContextHierarchy found for test class [com.bank.accountSystem.AccountSystemApplicationTests], using SpringBootContextLoader
13:25:29.656 [Test worker] DEBUG org.springframework.test.context.support.AbstractContextLoader - Did not detect default resource location for test class [com.bank.accountSystem.AccountSystemApplicationTests]: class path resource [com/bank/accountSystem/AccountSystemApplicationTests-context.xml] does not exist
13:25:29.656 [Test worker] DEBUG org.springframework.test.context.support.AbstractContextLoader - Did not detect default resource location for test class [com.bank.accountSystem.AccountSystemApplicationTests]: class path resource [com/bank/accountSystem/AccountSystemApplicationTestsContext.groovy] does not exist
13:25:29.657 [Test worker] INFO org.springframework.test.context.support.AbstractContextLoader - Could not detect default resource locations for test class [com.bank.accountSystem.AccountSystemApplicationTests]: no resource found for suffixes {-context.xml, Context.groovy}.
13:25:29.657 [Test worker] INFO org.springframework.test.context.support.AnnotationConfigContextLoaderUtils - Could not detect default configuration classes for test class [com.bank.accountSystem.AccountSystemApplicationTests]: AccountSystemApplicationTests does not declare any static, non-private, non-final, nested classes annotated with @Configuration.
13:25:29.711 [Test worker] DEBUG org.springframework.test.context.support.ActiveProfilesUtils - Could not find an 'annotation declaring class' for annotation type [org.springframework.test.context.ActiveProfiles] and class [com.bank.accountSystem.AccountSystemApplicationTests]
13:25:29.815 [Test worker] DEBUG org.springframework.context.annotation.ClassPathScanningCandidateComponentProvider - Identified candidate component class: file [C:\Users\Jean Viaña\Desktop\Makaia_Bank\accountSystem\build\classes\java\main\com\bank\accountSystem\AccountSystemApplication.class]
13:25:29.816 [Test worker] INFO org.springframework.boot.test.context.SpringBootTestContextBootstrapper - Found @SpringBootConfiguration com.bank.accountSystem.AccountSystemApplication for test class com.bank.accountSystem.AccountSystemApplicationTests
13:25:29.932 [Test worker] DEBUG org.springframework.boot.test.context.SpringBootTestContextBootstrapper - @TestExecutionListeners is not present for class [com.bank.accountSystem.AccountSystemApplicationTests]: using defaults.
13:25:29.932 [Test worker] INFO org.springframework.boot.test.context.SpringBootTestContextBootstrapper - Loaded default TestExecutionListener class names from location [META-INF/spring.factories]: [org.springframework.security.test.context.support.WithSecurityContextTestExecutionListener, org.springframework.security.test.context.support.ReactorContextTestExecutionListener, org.springframework.boot.test.autoconfigure.restdocs.RestDocsTestExecutionListener, org.springframework.boot.test.autoconfigure.web.client.MockRestServiceServerResetTestExecutionListener, org.springframework.boot.test.autoconfigure.web.servlet.MockMvcPrintOnlyOnFailureTestExecutionListener, org.springframework.boot.test.autoconfigure.web.servlet.WebDriverTestExecutionListener, org.springframework.boot.test.autoconfigure.webservices.client.MockWebServiceServerTestExecutionListener, org.springframework.boot.test.mock.mockito.MockitoTestExecutionListener, org.springframework.boot.test.mock.mockito.ResetMocksTestExecutionListener, org.springframework.test.context.web.ServletTestExecutionListener, org.springframework.test.context.support.DirtiesContextBeforeModesTestExecutionListener, org.springframework.test.context.event.ApplicationEventsTestExecutionListener, org.springframework.test.context.support.DependencyInjectionTestExecutionListener, org.springframework.test.context.support.DirtiesContextTestExecutionListener, org.springframework.test.context.transaction.TransactionalTestExecutionListener, org.springframework.test.context.jdbc.SqlScriptsTestExecutionListener, org.springframework.test.context.event.EventPublishingTestExecutionListener]
13:25:29.964 [Test worker] INFO org.springframework.boot.test.context.SpringBootTestContextBootstrapper - Using TestExecutionListeners: [org.springframework.test.context.web.ServletTestExecutionListener@495083a0, org.springframework.test.context.support.DirtiesContextBeforeModesTestExecutionListener@5fd62371, org.springframework.test.context.event.ApplicationEventsTestExecutionListener@28a0fd6c, org.springframework.boot.test.mock.mockito.MockitoTestExecutionListener@2b62442c, org.springframework.boot.test.autoconfigure.SpringBootDependencyInjectionTestExecutionListener@66629f63, org.springframework.test.context.support.DirtiesContextTestExecutionListener@841e575, org.springframework.test.context.transaction.TransactionalTestExecutionListener@27a5328c, org.springframework.test.context.jdbc.SqlScriptsTestExecutionListener@1e5f4170, org.springframework.security.test.context.support.WithSecurityContextTestExecutionListener@6c345c5f, org.springframework.test.context.event.EventPublishingTestExecutionListener@6b5966e1, org.springframework.security.test.context.support.ReactorContextTestExecutionListener@65e61854, org.springframework.boot.test.autoconfigure.restdocs.RestDocsTestExecutionListener@1568159, org.springframework.boot.test.autoconfigure.web.client.MockRestServiceServerResetTestExecutionListener@4fcee388, org.springframework.boot.test.autoconfigure.web.servlet.MockMvcPrintOnlyOnFailureTestExecutionListener@6f80fafe, org.springframework.boot.test.autoconfigure.web.servlet.WebDriverTestExecutionListener@3af17be2, org.springframework.boot.test.autoconfigure.webservices.client.MockWebServiceServerTestExecutionListener@f9879ac, org.springframework.boot.test.mock.mockito.ResetMocksTestExecutionListener@37f21974]
13:25:29.969 [Test worker] DEBUG org.springframework.test.context.support.AbstractDirtiesContextTestExecutionListener - Before test class: context [DefaultTestContext@4b6579e8 testClass = AccountSystemApplicationTests, testInstance = [null], testMethod = [null], testException = [null], mergedContextConfiguration = [WebMergedContextConfiguration@6fff253c testClass = AccountSystemApplicationTests, locations = '{}', classes = '{class com.bank.accountSystem.AccountSystemApplication}', contextInitializerClasses = '[]', activeProfiles = '{}', propertySourceLocations = '{}', propertySourceProperties = '{org.springframework.boot.test.context.SpringBootTestContextBootstrapper=true}', contextCustomizers = set[org.springframework.boot.test.autoconfigure.actuate.metrics.MetricsExportContextCustomizerFactory$DisableMetricExportContextCustomizer@487db668, org.springframework.boot.test.autoconfigure.properties.PropertyMappingContextCustomizer@0, org.springframework.boot.test.autoconfigure.web.servlet.WebDriverContextCustomizerFactory$Customizer@4758820d, org.springframework.boot.test.context.filter.ExcludeFilterContextCustomizer@5629510, org.springframework.boot.test.json.DuplicateJsonObjectContextCustomizerFactory$DuplicateJsonObjectContextCustomizer@62727399, org.springframework.boot.test.mock.mockito.MockitoContextCustomizer@0, org.springframework.boot.test.web.client.TestRestTemplateContextCustomizer@7203c7ff, org.springframework.boot.test.context.SpringBootTestArgs@1, org.springframework.boot.test.context.SpringBootTestWebEnvironment@f0da945], resourceBasePath = 'src/main/webapp', contextLoader = 'org.springframework.boot.test.context.SpringBootContextLoader', parent = [null]], attributes = map['org.springframework.test.context.web.ServletTestExecutionListener.activateListener' -> true]], class annotated with @DirtiesContext [false] with mode [null].

  .   ____          _            __ _ _
 /\\ / ___'_ __ _ _(_)_ __  __ _ \ \ \ \
( ( )\___ | '_ | '_| | '_ \/ _` | \ \ \ \
 \\/  ___)| |_)| | | | | || (_| |  ) ) ) )
  '  |____| .__|_| |_|_| |_\__, | / / / /
 =========|_|==============|___/=/_/_/_/
 :: Spring Boot ::      (v2.7.15-SNAPSHOT)

2023-10-10 13:25:30.565  INFO 4204 --- [    Test worker] c.b.a.AccountSystemApplicationTests      : Starting AccountSystemApplicationTests using Java 20.0.1 on VianaDeMares with PID 4204 (started by Jean Viaña in C:\Users\Jean Viaña\Desktop\Makaia_Bank\accountSystem)
2023-10-10 13:25:30.567  INFO 4204 --- [    Test worker] c.b.a.AccountSystemApplicationTests      : No active profile set, falling back to 1 default profile: "default"
2023-10-10 13:25:31.717  INFO 4204 --- [    Test worker] .s.d.r.c.RepositoryConfigurationDelegate : Bootstrapping Spring Data JPA repositories in DEFAULT mode.
2023-10-10 13:25:31.783  INFO 4204 --- [    Test worker] .s.d.r.c.RepositoryConfigurationDelegate : Finished Spring Data repository scanning in 57 ms. Found 3 JPA repository interfaces.
2023-10-10 13:25:32.772  INFO 4204 --- [    Test worker] o.hibernate.jpa.internal.util.LogHelper  : HHH000204: Processing PersistenceUnitInfo [name: default]
2023-10-10 13:25:32.863  INFO 4204 --- [    Test worker] org.hibernate.Version                    : HHH000412: Hibernate ORM core version 5.6.15.Final
2023-10-10 13:25:33.121  INFO 4204 --- [    Test worker] o.hibernate.annotations.common.Version   : HCANN000001: Hibernate Commons Annotations {5.1.2.Final}
2023-10-10 13:25:33.391  INFO 4204 --- [    Test worker] com.zaxxer.hikari.HikariDataSource       : HikariPool-1 - Starting...
2023-10-10 13:25:34.093  INFO 4204 --- [    Test worker] com.zaxxer.hikari.HikariDataSource       : HikariPool-1 - Start completed.
2023-10-10 13:25:34.130  INFO 4204 --- [    Test worker] org.hibernate.dialect.Dialect            : HHH000400: Using dialect: org.hibernate.dialect.MySQL8Dialect
2023-10-10 13:25:35.042  INFO 4204 --- [    Test worker] o.h.e.t.j.p.i.JtaPlatformInitiator       : HHH000490: Using JtaPlatform implementation: [org.hibernate.engine.transaction.jta.platform.internal.NoJtaPlatform]
2023-10-10 13:25:35.050  INFO 4204 --- [    Test worker] j.LocalContainerEntityManagerFactoryBean : Initialized JPA EntityManagerFactory for persistence unit 'default'
2023-10-10 13:25:36.357  INFO 4204 --- [    Test worker] o.s.s.web.DefaultSecurityFilterChain     : Will secure any request with [org.springframework.security.web.session.DisableEncodeUrlFilter@ec70725, org.springframework.security.web.context.request.async.WebAsyncManagerIntegrationFilter@2082e0e4, org.springframework.security.web.context.SecurityContextPersistenceFilter@4280b20b, org.springframework.security.web.header.HeaderWriterFilter@66f223fa, org.springframework.security.web.authentication.logout.LogoutFilter@5192b301, com.bank.accountSystem.Config.JWT.JwtAuthenticationFilter@646c872a, org.springframework.security.web.savedrequest.RequestCacheAwareFilter@34114276, org.springframework.security.web.servletapi.SecurityContextHolderAwareRequestFilter@73c6ae15, org.springframework.security.web.authentication.AnonymousAuthenticationFilter@15f229e8, org.springframework.security.web.session.SessionManagementFilter@893081e, org.springframework.security.web.access.ExceptionTranslationFilter@41120e48, org.springframework.security.web.access.intercept.AuthorizationFilter@729c98]
2023-10-10 13:25:36.950  WARN 4204 --- [    Test worker] JpaBaseConfiguration$JpaWebConfiguration : spring.jpa.open-in-view is enabled by default. Therefore, database queries may be performed during view rendering. Explicitly configure spring.jpa.open-in-view to disable this warning
2023-10-10 13:25:39.547  INFO 4204 --- [    Test worker] c.b.a.AccountSystemApplicationTests      : Started AccountSystemApplicationTests in 9.511 seconds (JVM running for 11.029)
]]></system-out>
  <system-err><![CDATA[]]></system-err>
</testsuite>
