<?xml version="1.0" encoding="UTF-8"?>
<testsuite name="com.bank.accountSystem.service.AccountServiceTest" tests="1" skipped="0" failures="0" errors="0" timestamp="2023-10-18T16:48:35" hostname="VIANADEMARES" time="0.696">
  <properties/>
  <testcase name="testSaveAccount()" classname="com.bank.accountSystem.service.AccountServiceTest" time="0.696"/>
  <system-out><![CDATA[]]></system-out>
  <system-err><![CDATA[]]></system-err>
</testsuite>
