<?xml version="1.0" encoding="UTF-8"?>
<testsuite name="com.bank.accountSystem.service.AccountServiceTest" tests="1" skipped="0" failures="0" errors="0" timestamp="2023-10-10T18:25:39" hostname="VIANADEMARES" time="0.379">
  <properties/>
  <testcase name="getAllAccounts()" classname="com.bank.accountSystem.service.AccountServiceTest" time="0.379"/>
  <system-out><![CDATA[]]></system-out>
  <system-err><![CDATA[]]></system-err>
</testsuite>
